starting job from hpc-gpu4
no change     /mnt/beegfs/groups/irgroup/software/miniconda3/condabin/conda
no change     /mnt/beegfs/groups/irgroup/software/miniconda3/bin/conda
no change     /mnt/beegfs/groups/irgroup/software/miniconda3/bin/conda-env
no change     /mnt/beegfs/groups/irgroup/software/miniconda3/bin/activate
no change     /mnt/beegfs/groups/irgroup/software/miniconda3/bin/deactivate
no change     /mnt/beegfs/groups/irgroup/software/miniconda3/etc/profile.d/conda.sh
no change     /mnt/beegfs/groups/irgroup/software/miniconda3/etc/fish/conf.d/conda.fish
no change     /mnt/beegfs/groups/irgroup/software/miniconda3/shell/condabin/Conda.psm1
no change     /mnt/beegfs/groups/irgroup/software/miniconda3/shell/condabin/conda-hook.ps1
no change     /mnt/beegfs/groups/irgroup/software/miniconda3/lib/python3.9/site-packages/xontrib/conda.xsh
no change     /mnt/beegfs/groups/irgroup/software/miniconda3/etc/profile.d/conda.csh
no change     /mnt/beegfs/home/marcos.fernandez.pichel/.bashrc
No action taken.
2023-03-15 16:22:02.379310: I tensorflow/stream_executor/platform/default/dso_loader.cc:53] Successfully opened dynamic library libcudart.so.11.0
We are a committee of leading scientific experts and medical doctors reviewing the latest and highest quality of research from PubMED. For each question, we have chosen an answer, either 'yes' or 'no', based on our best understanding of current medical practice and literature.Will wearing an ankle brace help heal achilles tendonitis?The answer must be Yes or No
no
1
Accuracy: 0.02
We are a committee of leading scientific experts and medical doctors reviewing the latest and highest quality of research from PubMED. For each question, we have chosen an answer, either 'yes' or 'no', based on our best understanding of current medical practice and literature.Is a tepid sponge bath a good way to reduce fever in children?The answer must be Yes or No
no
2
Accuracy: 0.04
We are a committee of leading scientific experts and medical doctors reviewing the latest and highest quality of research from PubMED. For each question, we have chosen an answer, either 'yes' or 'no', based on our best understanding of current medical practice and literature.Can folic acid help improve cognition and treat dementia?The answer must be Yes or No
no
3
Accuracy: 0.06
We are a committee of leading scientific experts and medical doctors reviewing the latest and highest quality of research from PubMED. For each question, we have chosen an answer, either 'yes' or 'no', based on our best understanding of current medical practice and literature.Does duct tape work for wart removal?The answer must be Yes or No
no
4
Accuracy: 0.08
We are a committee of leading scientific experts and medical doctors reviewing the latest and highest quality of research from PubMED. For each question, we have chosen an answer, either 'yes' or 'no', based on our best understanding of current medical practice and literature.Should I apply ice to a burn?The answer must be Yes or No
no
5
Accuracy: 0.1
We are a committee of leading scientific experts and medical doctors reviewing the latest and highest quality of research from PubMED. For each question, we have chosen an answer, either 'yes' or 'no', based on our best understanding of current medical practice and literature.Can vitamin b12 and sun exposure together help treat vitiligo?The answer must be Yes or No
no
Accuracy: 0.1
We are a committee of leading scientific experts and medical doctors reviewing the latest and highest quality of research from PubMED. For each question, we have chosen an answer, either 'yes' or 'no', based on our best understanding of current medical practice and literature.Does yoga improve the management of asthma?The answer must be Yes or No
no
Accuracy: 0.1
We are a committee of leading scientific experts and medical doctors reviewing the latest and highest quality of research from PubMED. For each question, we have chosen an answer, either 'yes' or 'no', based on our best understanding of current medical practice and literature.Is starving a fever effective?The answer must be Yes or No
no
6
Accuracy: 0.12
We are a committee of leading scientific experts and medical doctors reviewing the latest and highest quality of research from PubMED. For each question, we have chosen an answer, either 'yes' or 'no', based on our best understanding of current medical practice and literature.Does selenium help prevent cancer?The answer must be Yes or No
no
7
Accuracy: 0.14
We are a committee of leading scientific experts and medical doctors reviewing the latest and highest quality of research from PubMED. For each question, we have chosen an answer, either 'yes' or 'no', based on our best understanding of current medical practice and literature.Will taking birth control pills treat an ovarian cyst?The answer must be Yes or No
no
8
Accuracy: 0.16
We are a committee of leading scientific experts and medical doctors reviewing the latest and highest quality of research from PubMED. For each question, we have chosen an answer, either 'yes' or 'no', based on our best understanding of current medical practice and literature.Will taking zinc supplements improve pregnancy?The answer must be Yes or No
no
9
Accuracy: 0.18
We are a committee of leading scientific experts and medical doctors reviewing the latest and highest quality of research from PubMED. For each question, we have chosen an answer, either 'yes' or 'no', based on our best understanding of current medical practice and literature.Can evening primrose oil help treat eczema?The answer must be Yes or No
no
10
Accuracy: 0.2
We are a committee of leading scientific experts and medical doctors reviewing the latest and highest quality of research from PubMED. For each question, we have chosen an answer, either 'yes' or 'no', based on our best understanding of current medical practice and literature.Do ankle braces help heal an ankle fracture?The answer must be Yes or No
no
Accuracy: 0.2
We are a committee of leading scientific experts and medical doctors reviewing the latest and highest quality of research from PubMED. For each question, we have chosen an answer, either 'yes' or 'no', based on our best understanding of current medical practice and literature.Can applying vitamin E cream remove skin scars?The answer must be Yes or No
no
11
Accuracy: 0.22
We are a committee of leading scientific experts and medical doctors reviewing the latest and highest quality of research from PubMED. For each question, we have chosen an answer, either 'yes' or 'no', based on our best understanding of current medical practice and literature.Can magnesium help prevent migraine?The answer must be Yes or No
no
Accuracy: 0.22
We are a committee of leading scientific experts and medical doctors reviewing the latest and highest quality of research from PubMED. For each question, we have chosen an answer, either 'yes' or 'no', based on our best understanding of current medical practice and literature.Does exercise help manage diabetes?The answer must be Yes or No
yes
12
Accuracy: 0.24
We are a committee of leading scientific experts and medical doctors reviewing the latest and highest quality of research from PubMED. For each question, we have chosen an answer, either 'yes' or 'no', based on our best understanding of current medical practice and literature.Can fermented milk help mitigate high blood pressure?The answer must be Yes or No
no
13
Accuracy: 0.26
We are a committee of leading scientific experts and medical doctors reviewing the latest and highest quality of research from PubMED. For each question, we have chosen an answer, either 'yes' or 'no', based on our best understanding of current medical practice and literature.Can dupixent treat eczema?The answer must be Yes or No
no
Accuracy: 0.26
We are a committee of leading scientific experts and medical doctors reviewing the latest and highest quality of research from PubMED. For each question, we have chosen an answer, either 'yes' or 'no', based on our best understanding of current medical practice and literature.Does yoga help reduce pain from arthritis and improve physical function?The answer must be Yes or No
no
Accuracy: 0.26
We are a committee of leading scientific experts and medical doctors reviewing the latest and highest quality of research from PubMED. For each question, we have chosen an answer, either 'yes' or 'no', based on our best understanding of current medical practice and literature.Can the drug Imitrex (sumatriptan) treat acute migraine attacks?The answer must be Yes or No
yes
14
Accuracy: 0.28
We are a committee of leading scientific experts and medical doctors reviewing the latest and highest quality of research from PubMED. For each question, we have chosen an answer, either 'yes' or 'no', based on our best understanding of current medical practice and literature.Will buying a light therapy lamp help treat depression?The answer must be Yes or No
no
Accuracy: 0.28
We are a committee of leading scientific experts and medical doctors reviewing the latest and highest quality of research from PubMED. For each question, we have chosen an answer, either 'yes' or 'no', based on our best understanding of current medical practice and literature.Does Aleve relieve migraine headaches?The answer must be Yes or No
no
15
Accuracy: 0.3
We are a committee of leading scientific experts and medical doctors reviewing the latest and highest quality of research from PubMED. For each question, we have chosen an answer, either 'yes' or 'no', based on our best understanding of current medical practice and literature.Can I get rid of a pimple overnight by applying toothpaste?The answer must be Yes or No
no
16
Accuracy: 0.32
We are a committee of leading scientific experts and medical doctors reviewing the latest and highest quality of research from PubMED. For each question, we have chosen an answer, either 'yes' or 'no', based on our best understanding of current medical practice and literature.Can chondroitin help relieve the pain of osteoarthritis?The answer must be Yes or No
yes
17
Accuracy: 0.34
We are a committee of leading scientific experts and medical doctors reviewing the latest and highest quality of research from PubMED. For each question, we have chosen an answer, either 'yes' or 'no', based on our best understanding of current medical practice and literature.Can omega-3 help manage hypertriglyceridemia?The answer must be Yes or No
yes
18
Accuracy: 0.36
We are a committee of leading scientific experts and medical doctors reviewing the latest and highest quality of research from PubMED. For each question, we have chosen an answer, either 'yes' or 'no', based on our best understanding of current medical practice and literature.Can probiotics prevent respiratory infections?The answer must be Yes or No
no
Accuracy: 0.36
We are a committee of leading scientific experts and medical doctors reviewing the latest and highest quality of research from PubMED. For each question, we have chosen an answer, either 'yes' or 'no', based on our best understanding of current medical practice and literature.Can aromatherapy massage help manage rheumatoid arthritis?The answer must be Yes or No
no
Accuracy: 0.36
We are a committee of leading scientific experts and medical doctors reviewing the latest and highest quality of research from PubMED. For each question, we have chosen an answer, either 'yes' or 'no', based on our best understanding of current medical practice and literature.Does steam from a shower help croup?The answer must be Yes or No
no
19
Accuracy: 0.38
We are a committee of leading scientific experts and medical doctors reviewing the latest and highest quality of research from PubMED. For each question, we have chosen an answer, either 'yes' or 'no', based on our best understanding of current medical practice and literature.Can minoxidil treat hair loss?The answer must be Yes or No
yes
20
Accuracy: 0.4
We are a committee of leading scientific experts and medical doctors reviewing the latest and highest quality of research from PubMED. For each question, we have chosen an answer, either 'yes' or 'no', based on our best understanding of current medical practice and literature.Is the Hoxsey treatment a good cure for cancer?The answer must be Yes or No
no
21
Accuracy: 0.42
We are a committee of leading scientific experts and medical doctors reviewing the latest and highest quality of research from PubMED. For each question, we have chosen an answer, either 'yes' or 'no', based on our best understanding of current medical practice and literature.Can l-theanine supplements reduce stress and anxiety?The answer must be Yes or No
yes
22
Accuracy: 0.44
We are a committee of leading scientific experts and medical doctors reviewing the latest and highest quality of research from PubMED. For each question, we have chosen an answer, either 'yes' or 'no', based on our best understanding of current medical practice and literature.Does inhaling steam help treat common cold?The answer must be Yes or No
no
23
Accuracy: 0.46
We are a committee of leading scientific experts and medical doctors reviewing the latest and highest quality of research from PubMED. For each question, we have chosen an answer, either 'yes' or 'no', based on our best understanding of current medical practice and literature.Does exercise improve the symptoms of depression?The answer must be Yes or No
yes
24
Accuracy: 0.48
We are a committee of leading scientific experts and medical doctors reviewing the latest and highest quality of research from PubMED. For each question, we have chosen an answer, either 'yes' or 'no', based on our best understanding of current medical practice and literature.Can I remove a tick by covering it with Vaseline?The answer must be Yes or No
no
25
Accuracy: 0.5
We are a committee of leading scientific experts and medical doctors reviewing the latest and highest quality of research from PubMED. For each question, we have chosen an answer, either 'yes' or 'no', based on our best understanding of current medical practice and literature.Can applying mayonnaise help get rid of lice?The answer must be Yes or No
no
26
Accuracy: 0.52
We are a committee of leading scientific experts and medical doctors reviewing the latest and highest quality of research from PubMED. For each question, we have chosen an answer, either 'yes' or 'no', based on our best understanding of current medical practice and literature.Can eating dates help manage iron deficiency anemia?The answer must be Yes or No
no
Accuracy: 0.52
We are a committee of leading scientific experts and medical doctors reviewing the latest and highest quality of research from PubMED. For each question, we have chosen an answer, either 'yes' or 'no', based on our best understanding of current medical practice and literature.Will drinking vinegar dissolve a stuck fish bone?The answer must be Yes or No
no
27
Accuracy: 0.54
We are a committee of leading scientific experts and medical doctors reviewing the latest and highest quality of research from PubMED. For each question, we have chosen an answer, either 'yes' or 'no', based on our best understanding of current medical practice and literature.Can zinc help treat the common cold?The answer must be Yes or No
no
Accuracy: 0.54
We are a committee of leading scientific experts and medical doctors reviewing the latest and highest quality of research from PubMED. For each question, we have chosen an answer, either 'yes' or 'no', based on our best understanding of current medical practice and literature.Can copper bracelets reduce the pain of arthritis?The answer must be Yes or No
no
28
Accuracy: 0.56
We are a committee of leading scientific experts and medical doctors reviewing the latest and highest quality of research from PubMED. For each question, we have chosen an answer, either 'yes' or 'no', based on our best understanding of current medical practice and literature.Can fungal creams treat athlete's foot?The answer must be Yes or No
yes
29
Accuracy: 0.58
We are a committee of leading scientific experts and medical doctors reviewing the latest and highest quality of research from PubMED. For each question, we have chosen an answer, either 'yes' or 'no', based on our best understanding of current medical practice and literature.Does cocoa butter help reduce pregnancy stretch marks?The answer must be Yes or No
no
30
Accuracy: 0.6
We are a committee of leading scientific experts and medical doctors reviewing the latest and highest quality of research from PubMED. For each question, we have chosen an answer, either 'yes' or 'no', based on our best understanding of current medical practice and literature.Can probiotics prevent diarrhea caused by antibiotics in children?The answer must be Yes or No
no
Accuracy: 0.6
We are a committee of leading scientific experts and medical doctors reviewing the latest and highest quality of research from PubMED. For each question, we have chosen an answer, either 'yes' or 'no', based on our best understanding of current medical practice and literature.Does Tylenol manage the symptoms of osteoarthritis?The answer must be Yes or No
no
Accuracy: 0.6
We are a committee of leading scientific experts and medical doctors reviewing the latest and highest quality of research from PubMED. For each question, we have chosen an answer, either 'yes' or 'no', based on our best understanding of current medical practice and literature.Can music therapy help manage depression?The answer must be Yes or No
yes
31
Accuracy: 0.62
We are a committee of leading scientific experts and medical doctors reviewing the latest and highest quality of research from PubMED. For each question, we have chosen an answer, either 'yes' or 'no', based on our best understanding of current medical practice and literature.Can omega-3 treat borderline personality disorder in women?The answer must be Yes or No
no
Accuracy: 0.62
We are a committee of leading scientific experts and medical doctors reviewing the latest and highest quality of research from PubMED. For each question, we have chosen an answer, either 'yes' or 'no', based on our best understanding of current medical practice and literature.Can vitamin D supplements improve the management of asthma?The answer must be Yes or No
no
Accuracy: 0.62
We are a committee of leading scientific experts and medical doctors reviewing the latest and highest quality of research from PubMED. For each question, we have chosen an answer, either 'yes' or 'no', based on our best understanding of current medical practice and literature.Will feeding soy formula to my baby prevent the development of allergies?The answer must be Yes or No
no
32
Accuracy: 0.64
We are a committee of leading scientific experts and medical doctors reviewing the latest and highest quality of research from PubMED. For each question, we have chosen an answer, either 'yes' or 'no', based on our best understanding of current medical practice and literature.Does chitosan help lose body weight?The answer must be Yes or No
no
33
Accuracy: 0.66
We are a committee of leading scientific experts and medical doctors reviewing the latest and highest quality of research from PubMED. For each question, we have chosen an answer, either 'yes' or 'no', based on our best understanding of current medical practice and literature.Will at-home exercises manage hip osteoarthritis pain?The answer must be Yes or No
yes
34
Accuracy: 0.68
We are a committee of leading scientific experts and medical doctors reviewing the latest and highest quality of research from PubMED. For each question, we have chosen an answer, either 'yes' or 'no', based on our best understanding of current medical practice and literature.Will taking antioxidant supplements treat fertility problems?The answer must be Yes or No
no
35
Accuracy: 0.7
