starting job from hpc-gpu4
no change     /mnt/beegfs/groups/irgroup/software/miniconda3/condabin/conda
no change     /mnt/beegfs/groups/irgroup/software/miniconda3/bin/conda
no change     /mnt/beegfs/groups/irgroup/software/miniconda3/bin/conda-env
no change     /mnt/beegfs/groups/irgroup/software/miniconda3/bin/activate
no change     /mnt/beegfs/groups/irgroup/software/miniconda3/bin/deactivate
no change     /mnt/beegfs/groups/irgroup/software/miniconda3/etc/profile.d/conda.sh
no change     /mnt/beegfs/groups/irgroup/software/miniconda3/etc/fish/conf.d/conda.fish
no change     /mnt/beegfs/groups/irgroup/software/miniconda3/shell/condabin/Conda.psm1
no change     /mnt/beegfs/groups/irgroup/software/miniconda3/shell/condabin/conda-hook.ps1
no change     /mnt/beegfs/groups/irgroup/software/miniconda3/lib/python3.9/site-packages/xontrib/conda.xsh
no change     /mnt/beegfs/groups/irgroup/software/miniconda3/etc/profile.d/conda.csh
no change     /mnt/beegfs/home/marcos.fernandez.pichel/.bashrc
No action taken.
2023-04-26 11:29:32.692804: I tensorflow/stream_executor/platform/default/dso_loader.cc:53] Successfully opened dynamic library libcudart.so.11.0
Will wearing an ankle brace help heal achilles tendonitis? The answer must be Yes or No
no
1
Is a tepid sponge bath a good way to reduce fever in children? The answer must be Yes or No
no
2
Can folic acid help improve cognition and treat dementia? The answer must be Yes or No
no
3
Does duct tape work for wart removal? The answer must be Yes or No
no
4
Should I apply ice to a burn? The answer must be Yes or No
no
5
Can vitamin b12 and sun exposure together help treat vitiligo? The answer must be Yes or No
no
Does yoga improve the management of asthma? The answer must be Yes or No
no
Is starving a fever effective? The answer must be Yes or No
no
6
Does selenium help prevent cancer? The answer must be Yes or No
yes
Will taking birth control pills treat an ovarian cyst? The answer must be Yes or No
no
7
Will taking zinc supplements improve pregnancy? The answer must be Yes or No
no
8
Can evening primrose oil help treat eczema? The answer must be Yes or No
yes
Do ankle braces help heal an ankle fracture? The answer must be Yes or No
yes
9
Can applying vitamin E cream remove skin scars? The answer must be Yes or No
no
10
Can magnesium help prevent migraine? The answer must be Yes or No
no
Does exercise help manage diabetes? The answer must be Yes or No
yes
11
Can fermented milk help mitigate high blood pressure? The answer must be Yes or No
no
12
Can dupixent treat eczema? The answer must be Yes or No
no
Does yoga help reduce pain from arthritis and improve physical function? The answer must be Yes or No
yes
13
Can the drug Imitrex (sumatriptan) treat acute migraine attacks? The answer must be Yes or No
yes
14
Will buying a light therapy lamp help treat depression? The answer must be Yes or No
yes
15
Does Aleve relieve migraine headaches? The answer must be Yes or No
no
16
Can I get rid of a pimple overnight by applying toothpaste? The answer must be Yes or No
no
17
Can chondroitin help relieve the pain of osteoarthritis? The answer must be Yes or No
yes
18
Can omega-3 help manage hypertriglyceridemia? The answer must be Yes or No
yes
19
Can probiotics prevent respiratory infections? The answer must be Yes or No
no
Can aromatherapy massage help manage rheumatoid arthritis? The answer must be Yes or No
no
Does steam from a shower help croup? The answer must be Yes or No
no
20
Can minoxidil treat hair loss? The answer must be Yes or No
yes
21
Is the Hoxsey treatment a good cure for cancer? The answer must be Yes or No
no
22
Can l-theanine supplements reduce stress and anxiety? The answer must be Yes or No
yes
23
Does inhaling steam help treat common cold? The answer must be Yes or No
no
24
Does exercise improve the symptoms of depression? The answer must be Yes or No
yes
25
Can I remove a tick by covering it with Vaseline? The answer must be Yes or No
no
26
Can applying mayonnaise help get rid of lice? The answer must be Yes or No
no
27
Can eating dates help manage iron deficiency anemia? The answer must be Yes or No
yes
28
Will drinking vinegar dissolve a stuck fish bone? The answer must be Yes or No
no
29
Can zinc help treat the common cold? The answer must be Yes or No
no
Can copper bracelets reduce the pain of arthritis? The answer must be Yes or No
no
30
Can fungal creams treat athlete's foot? The answer must be Yes or No
no
Does cocoa butter help reduce pregnancy stretch marks? The answer must be Yes or No
no
31
Can probiotics prevent diarrhea caused by antibiotics in children? The answer must be Yes or No
no
Does Tylenol manage the symptoms of osteoarthritis? The answer must be Yes or No
no
Can music therapy help manage depression? The answer must be Yes or No
yes
32
Can omega-3 treat borderline personality disorder in women? The answer must be Yes or No
no
Can vitamin D supplements improve the management of asthma? The answer must be Yes or No
no
Will feeding soy formula to my baby prevent the development of allergies? The answer must be Yes or No
no
33
Does chitosan help lose body weight? The answer must be Yes or No
no
34
Will at-home exercises manage hip osteoarthritis pain? The answer must be Yes or No
no
Will taking antioxidant supplements treat fertility problems? The answer must be Yes or No
no
35
Accuracy: 0.7
