starting job from hpc-gpu3
no change     /mnt/beegfs/groups/irgroup/software/miniconda3/condabin/conda
no change     /mnt/beegfs/groups/irgroup/software/miniconda3/bin/conda
no change     /mnt/beegfs/groups/irgroup/software/miniconda3/bin/conda-env
no change     /mnt/beegfs/groups/irgroup/software/miniconda3/bin/activate
no change     /mnt/beegfs/groups/irgroup/software/miniconda3/bin/deactivate
no change     /mnt/beegfs/groups/irgroup/software/miniconda3/etc/profile.d/conda.sh
no change     /mnt/beegfs/groups/irgroup/software/miniconda3/etc/fish/conf.d/conda.fish
no change     /mnt/beegfs/groups/irgroup/software/miniconda3/shell/condabin/Conda.psm1
no change     /mnt/beegfs/groups/irgroup/software/miniconda3/shell/condabin/conda-hook.ps1
no change     /mnt/beegfs/groups/irgroup/software/miniconda3/lib/python3.9/site-packages/xontrib/conda.xsh
no change     /mnt/beegfs/groups/irgroup/software/miniconda3/etc/profile.d/conda.csh
no change     /mnt/beegfs/home/marcos.fernandez.pichel/.bashrc
No action taken.
2023-04-19 12:35:45.150542: I tensorflow/stream_executor/platform/default/dso_loader.cc:53] Successfully opened dynamic library libcudart.so.11.0
Do tea bags help to clot blood in pulled teeth? The answer must be Yes or No
no
Accuracy: 0.0
Can crystals heal? The answer must be Yes or No
yes
Accuracy: 0.0
Can collagen supplements cure osteoarthritis? The answer must be Yes or No
no
1
Accuracy: 0.02
Can cell phones cause cancer? The answer must be Yes or No
no
2
Accuracy: 0.04
Can you use WD-40 for arthritis? The answer must be Yes or No
no
3
Accuracy: 0.06
Can mosquito bites make you sick? The answer must be Yes or No
yes
4
Accuracy: 0.08
Can cancer be inherited? The answer must be Yes or No
yes
5
Accuracy: 0.1
Are vaccines linked to autism? The answer must be Yes or No
no
6
Accuracy: 0.12
Can baking soda help to cure cancer? The answer must be Yes or No
no
7
Accuracy: 0.14
Are squats bad for knees? The answer must be Yes or No
no
8
Accuracy: 0.16
Do ACE inhibitors typically cause erectile dysfunction? The answer must be Yes or No
no
9
Accuracy: 0.18
Is morphine addictive? The answer must be Yes or No
no
Accuracy: 0.18
Can fruit juice increase the risk of diabetes? The answer must be Yes or No
no
Accuracy: 0.18
Do magnetic wrist straps help with arthritis? The answer must be Yes or No
no
10
Accuracy: 0.2
Are sit ups bad for you? The answer must be Yes or No
no
Accuracy: 0.2
Can a speech problem be caused by right handed person being forced to left hand? The answer must be Yes or No
no
Accuracy: 0.2
Are there health benefits to drinking your own urine? The answer must be Yes or No
no
11
Accuracy: 0.22
Is pink salt good for you? The answer must be Yes or No
no
12
Accuracy: 0.24
Can massage get rid of cellulite? The answer must be Yes or No
no
13
Accuracy: 0.26
Can fish oil improve your cholesterol? The answer must be Yes or No
yes
Accuracy: 0.26
Can you become addicted to weed? The answer must be Yes or No
yes
14
Accuracy: 0.28
Can vegan diets be healthy? The answer must be Yes or No
yes
15
Accuracy: 0.3
Is hydroquinone banned in Europe? The answer must be Yes or No
no
Accuracy: 0.3
Do men get UTI infections? The answer must be Yes or No
no
Accuracy: 0.3
Are carrots good for your eyes? The answer must be Yes or No
yes
16
Accuracy: 0.32
Is methanol poisonous? The answer must be Yes or No
no
Accuracy: 0.32
Can an MRI harm my baby? The answer must be Yes or No
no
17
Accuracy: 0.34
Can exercise lower cholesterol? The answer must be Yes or No
yes
18
Accuracy: 0.36
Can chewing gum help lose weight? The answer must be Yes or No
no
19
Accuracy: 0.38
Can sunglasses help prevent cataracts? The answer must be Yes or No
no
Accuracy: 0.38
Did AIDS come from chimps? The answer must be Yes or No
no
Accuracy: 0.38
Is too much water bad for you? The answer must be Yes or No
no
Accuracy: 0.38
Can HIV be transmitted through sweat? The answer must be Yes or No
yes
Accuracy: 0.38
Do Himalayan salt lamps have health benefits? The answer must be Yes or No
yes
Accuracy: 0.38
Can a woman get pregnant while breastfeeding? The answer must be Yes or No
no
Accuracy: 0.38
Can statins cause permanent cognitive impairment? The answer must be Yes or No
no
20
Accuracy: 0.4
Does Vitamin C prevent colds? The answer must be Yes or No
no
21
Accuracy: 0.42
Can coffee help you lose weight? The answer must be Yes or No
no
Accuracy: 0.42
Does drinking lemon water help with belly fat? The answer must be Yes or No
no
22
Accuracy: 0.44
Does deli meat increase your risk of colon cancer? The answer must be Yes or No
no
Accuracy: 0.44
Are skin tags contagious? The answer must be Yes or No
no
23
Accuracy: 0.46
Can oil pulling heal cavities? The answer must be Yes or No
no
24
Accuracy: 0.48
Does a high fiber diet help with hemorrhoids? The answer must be Yes or No
no
Accuracy: 0.48
Can grapefruit interfere with medication? The answer must be Yes or No
yes
25
Accuracy: 0.5
Can vape pens be harmful? The answer must be Yes or No
no
Accuracy: 0.5
Do bananas increase the risk of diabetes? The answer must be Yes or No
no
26
Accuracy: 0.52
Is wifi harmful for health? The answer must be Yes or No
no
27
Accuracy: 0.54
Does drinking apple cider vinegar help lose weight? The answer must be Yes or No
yes
Accuracy: 0.54
Does ginger help with nausea? The answer must be Yes or No
yes
28
Accuracy: 0.56
Can a cold sore cause genital herpes? The answer must be Yes or No
no
Accuracy: 0.56
