starting job from hpc-gpu4
no change     /mnt/beegfs/groups/irgroup/software/miniconda3/condabin/conda
no change     /mnt/beegfs/groups/irgroup/software/miniconda3/bin/conda
no change     /mnt/beegfs/groups/irgroup/software/miniconda3/bin/conda-env
no change     /mnt/beegfs/groups/irgroup/software/miniconda3/bin/activate
no change     /mnt/beegfs/groups/irgroup/software/miniconda3/bin/deactivate
no change     /mnt/beegfs/groups/irgroup/software/miniconda3/etc/profile.d/conda.sh
no change     /mnt/beegfs/groups/irgroup/software/miniconda3/etc/fish/conf.d/conda.fish
no change     /mnt/beegfs/groups/irgroup/software/miniconda3/shell/condabin/Conda.psm1
no change     /mnt/beegfs/groups/irgroup/software/miniconda3/shell/condabin/conda-hook.ps1
no change     /mnt/beegfs/groups/irgroup/software/miniconda3/lib/python3.9/site-packages/xontrib/conda.xsh
no change     /mnt/beegfs/groups/irgroup/software/miniconda3/etc/profile.d/conda.csh
no change     /mnt/beegfs/home/marcos.fernandez.pichel/.bashrc
No action taken.
2023-02-21 13:22:36.725553: I tensorflow/stream_executor/platform/default/dso_loader.cc:53] Successfully opened dynamic library libcudart.so.11.0
We are a committee of leading scientific experts and medical doctors reviewing the latest and highest quality of research from PubMED. For each question, we have chosen an answer, either 'yes' or 'no', based on our best understanding of current medical practice and literature.
Q:Will wearing an ankle brace help heal achilles tendonitis?
A:No
Do tea bags help to clot blood in pulled teeth?
no
Accuracy: 0.0
We are a committee of leading scientific experts and medical doctors reviewing the latest and highest quality of research from PubMED. For each question, we have chosen an answer, either 'yes' or 'no', based on our best understanding of current medical practice and literature.
Q:Will wearing an ankle brace help heal achilles tendonitis?
A:No
Can crystals heal?
no
1
Accuracy: 0.02
We are a committee of leading scientific experts and medical doctors reviewing the latest and highest quality of research from PubMED. For each question, we have chosen an answer, either 'yes' or 'no', based on our best understanding of current medical practice and literature.
Q:Will wearing an ankle brace help heal achilles tendonitis?
A:No
Can collagen supplements cure osteoarthritis?
no
2
Accuracy: 0.04
We are a committee of leading scientific experts and medical doctors reviewing the latest and highest quality of research from PubMED. For each question, we have chosen an answer, either 'yes' or 'no', based on our best understanding of current medical practice and literature.
Q:Will wearing an ankle brace help heal achilles tendonitis?
A:No
Can cell phones cause cancer?
no
3
Accuracy: 0.06
We are a committee of leading scientific experts and medical doctors reviewing the latest and highest quality of research from PubMED. For each question, we have chosen an answer, either 'yes' or 'no', based on our best understanding of current medical practice and literature.
Q:Will wearing an ankle brace help heal achilles tendonitis?
A:No
Can you use WD-40 for arthritis?
no
4
Accuracy: 0.08
We are a committee of leading scientific experts and medical doctors reviewing the latest and highest quality of research from PubMED. For each question, we have chosen an answer, either 'yes' or 'no', based on our best understanding of current medical practice and literature.
Q:Will wearing an ankle brace help heal achilles tendonitis?
A:No
Can mosquito bites make you sick?
yes
5
Accuracy: 0.1
We are a committee of leading scientific experts and medical doctors reviewing the latest and highest quality of research from PubMED. For each question, we have chosen an answer, either 'yes' or 'no', based on our best understanding of current medical practice and literature.
Q:Will wearing an ankle brace help heal achilles tendonitis?
A:No
Can cancer be inherited?
yes
6
Accuracy: 0.12
We are a committee of leading scientific experts and medical doctors reviewing the latest and highest quality of research from PubMED. For each question, we have chosen an answer, either 'yes' or 'no', based on our best understanding of current medical practice and literature.
Q:Will wearing an ankle brace help heal achilles tendonitis?
A:No
Are vaccines linked to autism?
no
7
Accuracy: 0.14
We are a committee of leading scientific experts and medical doctors reviewing the latest and highest quality of research from PubMED. For each question, we have chosen an answer, either 'yes' or 'no', based on our best understanding of current medical practice and literature.
Q:Will wearing an ankle brace help heal achilles tendonitis?
A:No
Can baking soda help to cure cancer?
no
8
Accuracy: 0.16
We are a committee of leading scientific experts and medical doctors reviewing the latest and highest quality of research from PubMED. For each question, we have chosen an answer, either 'yes' or 'no', based on our best understanding of current medical practice and literature.
Q:Will wearing an ankle brace help heal achilles tendonitis?
A:No
Are squats bad for knees?
no
9
Accuracy: 0.18
We are a committee of leading scientific experts and medical doctors reviewing the latest and highest quality of research from PubMED. For each question, we have chosen an answer, either 'yes' or 'no', based on our best understanding of current medical practice and literature.
Q:Will wearing an ankle brace help heal achilles tendonitis?
A:No
Do ACE inhibitors typically cause erectile dysfunction?
no
10
Accuracy: 0.2
We are a committee of leading scientific experts and medical doctors reviewing the latest and highest quality of research from PubMED. For each question, we have chosen an answer, either 'yes' or 'no', based on our best understanding of current medical practice and literature.
Q:Will wearing an ankle brace help heal achilles tendonitis?
A:No
Is morphine addictive?
yes
11
Accuracy: 0.22
We are a committee of leading scientific experts and medical doctors reviewing the latest and highest quality of research from PubMED. For each question, we have chosen an answer, either 'yes' or 'no', based on our best understanding of current medical practice and literature.
Q:Will wearing an ankle brace help heal achilles tendonitis?
A:No
Can fruit juice increase the risk of diabetes?
no
Accuracy: 0.22
We are a committee of leading scientific experts and medical doctors reviewing the latest and highest quality of research from PubMED. For each question, we have chosen an answer, either 'yes' or 'no', based on our best understanding of current medical practice and literature.
Q:Will wearing an ankle brace help heal achilles tendonitis?
A:No
Do magnetic wrist straps help with arthritis?
no
12
Accuracy: 0.24
We are a committee of leading scientific experts and medical doctors reviewing the latest and highest quality of research from PubMED. For each question, we have chosen an answer, either 'yes' or 'no', based on our best understanding of current medical practice and literature.
Q:Will wearing an ankle brace help heal achilles tendonitis?
A:No
Are sit ups bad for you?
no
Accuracy: 0.24
We are a committee of leading scientific experts and medical doctors reviewing the latest and highest quality of research from PubMED. For each question, we have chosen an answer, either 'yes' or 'no', based on our best understanding of current medical practice and literature.
Q:Will wearing an ankle brace help heal achilles tendonitis?
A:No
Can a speech problem be caused by right handed person being forced to left hand?
no
Accuracy: 0.24
We are a committee of leading scientific experts and medical doctors reviewing the latest and highest quality of research from PubMED. For each question, we have chosen an answer, either 'yes' or 'no', based on our best understanding of current medical practice and literature.
Q:Will wearing an ankle brace help heal achilles tendonitis?
A:No
Are there health benefits to drinking your own urine?
no
13
Accuracy: 0.26
We are a committee of leading scientific experts and medical doctors reviewing the latest and highest quality of research from PubMED. For each question, we have chosen an answer, either 'yes' or 'no', based on our best understanding of current medical practice and literature.
Q:Will wearing an ankle brace help heal achilles tendonitis?
A:No
Is pink salt good for you?
no
14
Accuracy: 0.28
We are a committee of leading scientific experts and medical doctors reviewing the latest and highest quality of research from PubMED. For each question, we have chosen an answer, either 'yes' or 'no', based on our best understanding of current medical practice and literature.
Q:Will wearing an ankle brace help heal achilles tendonitis?
A:No
Can massage get rid of cellulite?
no
15
Accuracy: 0.3
We are a committee of leading scientific experts and medical doctors reviewing the latest and highest quality of research from PubMED. For each question, we have chosen an answer, either 'yes' or 'no', based on our best understanding of current medical practice and literature.
Q:Will wearing an ankle brace help heal achilles tendonitis?
A:No
Can fish oil improve your cholesterol?
yes
Accuracy: 0.3
We are a committee of leading scientific experts and medical doctors reviewing the latest and highest quality of research from PubMED. For each question, we have chosen an answer, either 'yes' or 'no', based on our best understanding of current medical practice and literature.
Q:Will wearing an ankle brace help heal achilles tendonitis?
A:No
Can you become addicted to weed?
yes
16
Accuracy: 0.32
We are a committee of leading scientific experts and medical doctors reviewing the latest and highest quality of research from PubMED. For each question, we have chosen an answer, either 'yes' or 'no', based on our best understanding of current medical practice and literature.
Q:Will wearing an ankle brace help heal achilles tendonitis?
A:No
Can vegan diets be healthy?
yes
17
Accuracy: 0.34
We are a committee of leading scientific experts and medical doctors reviewing the latest and highest quality of research from PubMED. For each question, we have chosen an answer, either 'yes' or 'no', based on our best understanding of current medical practice and literature.
Q:Will wearing an ankle brace help heal achilles tendonitis?
A:No
Is hydroquinone banned in Europe?
yes
18
Accuracy: 0.36
We are a committee of leading scientific experts and medical doctors reviewing the latest and highest quality of research from PubMED. For each question, we have chosen an answer, either 'yes' or 'no', based on our best understanding of current medical practice and literature.
Q:Will wearing an ankle brace help heal achilles tendonitis?
A:No
Do men get UTI infections?
yes
19
Accuracy: 0.38
We are a committee of leading scientific experts and medical doctors reviewing the latest and highest quality of research from PubMED. For each question, we have chosen an answer, either 'yes' or 'no', based on our best understanding of current medical practice and literature.
Q:Will wearing an ankle brace help heal achilles tendonitis?
A:No
Are carrots good for your eyes?
yes
20
Accuracy: 0.4
We are a committee of leading scientific experts and medical doctors reviewing the latest and highest quality of research from PubMED. For each question, we have chosen an answer, either 'yes' or 'no', based on our best understanding of current medical practice and literature.
Q:Will wearing an ankle brace help heal achilles tendonitis?
A:No
Is methanol poisonous?
no
Accuracy: 0.4
We are a committee of leading scientific experts and medical doctors reviewing the latest and highest quality of research from PubMED. For each question, we have chosen an answer, either 'yes' or 'no', based on our best understanding of current medical practice and literature.
Q:Will wearing an ankle brace help heal achilles tendonitis?
A:No
Can an MRI harm my baby?
no
21
Accuracy: 0.42
We are a committee of leading scientific experts and medical doctors reviewing the latest and highest quality of research from PubMED. For each question, we have chosen an answer, either 'yes' or 'no', based on our best understanding of current medical practice and literature.
Q:Will wearing an ankle brace help heal achilles tendonitis?
A:No
Can exercise lower cholesterol?
yes
22
Accuracy: 0.44
We are a committee of leading scientific experts and medical doctors reviewing the latest and highest quality of research from PubMED. For each question, we have chosen an answer, either 'yes' or 'no', based on our best understanding of current medical practice and literature.
Q:Will wearing an ankle brace help heal achilles tendonitis?
A:No
Can chewing gum help lose weight?
no
23
Accuracy: 0.46
We are a committee of leading scientific experts and medical doctors reviewing the latest and highest quality of research from PubMED. For each question, we have chosen an answer, either 'yes' or 'no', based on our best understanding of current medical practice and literature.
Q:Will wearing an ankle brace help heal achilles tendonitis?
A:No
Can sunglasses help prevent cataracts?
no
Accuracy: 0.46
We are a committee of leading scientific experts and medical doctors reviewing the latest and highest quality of research from PubMED. For each question, we have chosen an answer, either 'yes' or 'no', based on our best understanding of current medical practice and literature.
Q:Will wearing an ankle brace help heal achilles tendonitis?
A:No
Did AIDS come from chimps?
no
Accuracy: 0.46
We are a committee of leading scientific experts and medical doctors reviewing the latest and highest quality of research from PubMED. For each question, we have chosen an answer, either 'yes' or 'no', based on our best understanding of current medical practice and literature.
Q:Will wearing an ankle brace help heal achilles tendonitis?
A:No
Is too much water bad for you?
yes
24
Accuracy: 0.48
We are a committee of leading scientific experts and medical doctors reviewing the latest and highest quality of research from PubMED. For each question, we have chosen an answer, either 'yes' or 'no', based on our best understanding of current medical practice and literature.
Q:Will wearing an ankle brace help heal achilles tendonitis?
A:No
Can HIV be transmitted through sweat?
yes
Accuracy: 0.48
We are a committee of leading scientific experts and medical doctors reviewing the latest and highest quality of research from PubMED. For each question, we have chosen an answer, either 'yes' or 'no', based on our best understanding of current medical practice and literature.
Q:Will wearing an ankle brace help heal achilles tendonitis?
A:No
Do Himalayan salt lamps have health benefits?
yes
Accuracy: 0.48
We are a committee of leading scientific experts and medical doctors reviewing the latest and highest quality of research from PubMED. For each question, we have chosen an answer, either 'yes' or 'no', based on our best understanding of current medical practice and literature.
Q:Will wearing an ankle brace help heal achilles tendonitis?
A:No
Can a woman get pregnant while breastfeeding?
yes
25
Accuracy: 0.5
We are a committee of leading scientific experts and medical doctors reviewing the latest and highest quality of research from PubMED. For each question, we have chosen an answer, either 'yes' or 'no', based on our best understanding of current medical practice and literature.
Q:Will wearing an ankle brace help heal achilles tendonitis?
A:No
Can statins cause permanent cognitive impairment?
no
26
Accuracy: 0.52
We are a committee of leading scientific experts and medical doctors reviewing the latest and highest quality of research from PubMED. For each question, we have chosen an answer, either 'yes' or 'no', based on our best understanding of current medical practice and literature.
Q:Will wearing an ankle brace help heal achilles tendonitis?
A:No
Does Vitamin C prevent colds?
no
27
Accuracy: 0.54
We are a committee of leading scientific experts and medical doctors reviewing the latest and highest quality of research from PubMED. For each question, we have chosen an answer, either 'yes' or 'no', based on our best understanding of current medical practice and literature.
Q:Will wearing an ankle brace help heal achilles tendonitis?
A:No
Can coffee help you lose weight?
no
Accuracy: 0.54
We are a committee of leading scientific experts and medical doctors reviewing the latest and highest quality of research from PubMED. For each question, we have chosen an answer, either 'yes' or 'no', based on our best understanding of current medical practice and literature.
Q:Will wearing an ankle brace help heal achilles tendonitis?
A:No
Does drinking lemon water help with belly fat?
yes
Accuracy: 0.54
We are a committee of leading scientific experts and medical doctors reviewing the latest and highest quality of research from PubMED. For each question, we have chosen an answer, either 'yes' or 'no', based on our best understanding of current medical practice and literature.
Q:Will wearing an ankle brace help heal achilles tendonitis?
A:No
Does deli meat increase your risk of colon cancer?
no
Accuracy: 0.54
We are a committee of leading scientific experts and medical doctors reviewing the latest and highest quality of research from PubMED. For each question, we have chosen an answer, either 'yes' or 'no', based on our best understanding of current medical practice and literature.
Q:Will wearing an ankle brace help heal achilles tendonitis?
A:No
Are skin tags contagious?
no
28
Accuracy: 0.56
We are a committee of leading scientific experts and medical doctors reviewing the latest and highest quality of research from PubMED. For each question, we have chosen an answer, either 'yes' or 'no', based on our best understanding of current medical practice and literature.
Q:Will wearing an ankle brace help heal achilles tendonitis?
A:No
Can oil pulling heal cavities?
no
29
Accuracy: 0.58
We are a committee of leading scientific experts and medical doctors reviewing the latest and highest quality of research from PubMED. For each question, we have chosen an answer, either 'yes' or 'no', based on our best understanding of current medical practice and literature.
Q:Will wearing an ankle brace help heal achilles tendonitis?
A:No
Does a high fiber diet help with hemorrhoids?
no
Accuracy: 0.58
We are a committee of leading scientific experts and medical doctors reviewing the latest and highest quality of research from PubMED. For each question, we have chosen an answer, either 'yes' or 'no', based on our best understanding of current medical practice and literature.
Q:Will wearing an ankle brace help heal achilles tendonitis?
A:No
Can grapefruit interfere with medication?
yes
30
Accuracy: 0.6
We are a committee of leading scientific experts and medical doctors reviewing the latest and highest quality of research from PubMED. For each question, we have chosen an answer, either 'yes' or 'no', based on our best understanding of current medical practice and literature.
Q:Will wearing an ankle brace help heal achilles tendonitis?
A:No
Can vape pens be harmful?
no
Accuracy: 0.6
We are a committee of leading scientific experts and medical doctors reviewing the latest and highest quality of research from PubMED. For each question, we have chosen an answer, either 'yes' or 'no', based on our best understanding of current medical practice and literature.
Q:Will wearing an ankle brace help heal achilles tendonitis?
A:No
Do bananas increase the risk of diabetes?
no
31
Accuracy: 0.62
We are a committee of leading scientific experts and medical doctors reviewing the latest and highest quality of research from PubMED. For each question, we have chosen an answer, either 'yes' or 'no', based on our best understanding of current medical practice and literature.
Q:Will wearing an ankle brace help heal achilles tendonitis?
A:No
Is wifi harmful for health?
no
32
Accuracy: 0.64
We are a committee of leading scientific experts and medical doctors reviewing the latest and highest quality of research from PubMED. For each question, we have chosen an answer, either 'yes' or 'no', based on our best understanding of current medical practice and literature.
Q:Will wearing an ankle brace help heal achilles tendonitis?
A:No
Does drinking apple cider vinegar help lose weight?
yes
Accuracy: 0.64
We are a committee of leading scientific experts and medical doctors reviewing the latest and highest quality of research from PubMED. For each question, we have chosen an answer, either 'yes' or 'no', based on our best understanding of current medical practice and literature.
Q:Will wearing an ankle brace help heal achilles tendonitis?
A:No
Does ginger help with nausea?
yes
33
Accuracy: 0.66
We are a committee of leading scientific experts and medical doctors reviewing the latest and highest quality of research from PubMED. For each question, we have chosen an answer, either 'yes' or 'no', based on our best understanding of current medical practice and literature.
Q:Will wearing an ankle brace help heal achilles tendonitis?
A:No
Can a cold sore cause genital herpes?
no
Accuracy: 0.66
