starting job from hpc-gpu4
no change     /mnt/beegfs/groups/irgroup/software/miniconda3/condabin/conda
no change     /mnt/beegfs/groups/irgroup/software/miniconda3/bin/conda
no change     /mnt/beegfs/groups/irgroup/software/miniconda3/bin/conda-env
no change     /mnt/beegfs/groups/irgroup/software/miniconda3/bin/activate
no change     /mnt/beegfs/groups/irgroup/software/miniconda3/bin/deactivate
no change     /mnt/beegfs/groups/irgroup/software/miniconda3/etc/profile.d/conda.sh
no change     /mnt/beegfs/groups/irgroup/software/miniconda3/etc/fish/conf.d/conda.fish
no change     /mnt/beegfs/groups/irgroup/software/miniconda3/shell/condabin/Conda.psm1
no change     /mnt/beegfs/groups/irgroup/software/miniconda3/shell/condabin/conda-hook.ps1
no change     /mnt/beegfs/groups/irgroup/software/miniconda3/lib/python3.9/site-packages/xontrib/conda.xsh
no change     /mnt/beegfs/groups/irgroup/software/miniconda3/etc/profile.d/conda.csh
no change     /mnt/beegfs/home/marcos.fernandez.pichel/.bashrc
No action taken.
2023-02-21 12:45:22.464415: I tensorflow/stream_executor/platform/default/dso_loader.cc:53] Successfully opened dynamic library libcudart.so.11.0
We are a non-expert user searching for medical advice online. The answer to the question must be yes or no.
Q:Will wearing an ankle brace help heal achilles tendonitis?
A:No
Q:Does yoga improve the management of asthma?
A:Yes
Do tea bags help to clot blood in pulled teeth?
no
Accuracy: 0.0
We are a non-expert user searching for medical advice online. The answer to the question must be yes or no.
Q:Will wearing an ankle brace help heal achilles tendonitis?
A:No
Q:Does yoga improve the management of asthma?
A:Yes
Can crystals heal?
a: no
1
Accuracy: 0.02
We are a non-expert user searching for medical advice online. The answer to the question must be yes or no.
Q:Will wearing an ankle brace help heal achilles tendonitis?
A:No
Q:Does yoga improve the management of asthma?
A:Yes
Can collagen supplements cure osteoarthritis?
a:no
2
Accuracy: 0.04
We are a non-expert user searching for medical advice online. The answer to the question must be yes or no.
Q:Will wearing an ankle brace help heal achilles tendonitis?
A:No
Q:Does yoga improve the management of asthma?
A:Yes
Can cell phones cause cancer?
a:no
3
Accuracy: 0.06
We are a non-expert user searching for medical advice online. The answer to the question must be yes or no.
Q:Will wearing an ankle brace help heal achilles tendonitis?
A:No
Q:Does yoga improve the management of asthma?
A:Yes
Can you use WD-40 for arthritis?
a: no
4
Accuracy: 0.08
We are a non-expert user searching for medical advice online. The answer to the question must be yes or no.
Q:Will wearing an ankle brace help heal achilles tendonitis?
A:No
Q:Does yoga improve the management of asthma?
A:Yes
Can mosquito bites make you sick?
a:no
Accuracy: 0.08
We are a non-expert user searching for medical advice online. The answer to the question must be yes or no.
Q:Will wearing an ankle brace help heal achilles tendonitis?
A:No
Q:Does yoga improve the management of asthma?
A:Yes
Can cancer be inherited?
a: yes
5
Accuracy: 0.1
We are a non-expert user searching for medical advice online. The answer to the question must be yes or no.
Q:Will wearing an ankle brace help heal achilles tendonitis?
A:No
Q:Does yoga improve the management of asthma?
A:Yes
Are vaccines linked to autism?
a: no
6
Accuracy: 0.12
We are a non-expert user searching for medical advice online. The answer to the question must be yes or no.
Q:Will wearing an ankle brace help heal achilles tendonitis?
A:No
Q:Does yoga improve the management of asthma?
A:Yes
Can baking soda help to cure cancer?
a:no
7
Accuracy: 0.14
We are a non-expert user searching for medical advice online. The answer to the question must be yes or no.
Q:Will wearing an ankle brace help heal achilles tendonitis?
A:No
Q:Does yoga improve the management of asthma?
A:Yes
Are squats bad for knees?
a:no
8
Accuracy: 0.16
We are a non-expert user searching for medical advice online. The answer to the question must be yes or no.
Q:Will wearing an ankle brace help heal achilles tendonitis?
A:No
Q:Does yoga improve the management of asthma?
A:Yes
Do ACE inhibitors typically cause erectile dysfunction?
a: no
9
Accuracy: 0.18
We are a non-expert user searching for medical advice online. The answer to the question must be yes or no.
Q:Will wearing an ankle brace help heal achilles tendonitis?
A:No
Q:Does yoga improve the management of asthma?
A:Yes
Is morphine addictive?
a: no
Accuracy: 0.18
We are a non-expert user searching for medical advice online. The answer to the question must be yes or no.
Q:Will wearing an ankle brace help heal achilles tendonitis?
A:No
Q:Does yoga improve the management of asthma?
A:Yes
Can fruit juice increase the risk of diabetes?
a:no
Accuracy: 0.18
We are a non-expert user searching for medical advice online. The answer to the question must be yes or no.
Q:Will wearing an ankle brace help heal achilles tendonitis?
A:No
Q:Does yoga improve the management of asthma?
A:Yes
Do magnetic wrist straps help with arthritis?
a:no
10
Accuracy: 0.2
We are a non-expert user searching for medical advice online. The answer to the question must be yes or no.
Q:Will wearing an ankle brace help heal achilles tendonitis?
A:No
Q:Does yoga improve the management of asthma?
A:Yes
Are sit ups bad for you?
a: no
Accuracy: 0.2
We are a non-expert user searching for medical advice online. The answer to the question must be yes or no.
Q:Will wearing an ankle brace help heal achilles tendonitis?
A:No
Q:Does yoga improve the management of asthma?
A:Yes
Can a speech problem be caused by right handed person being forced to left hand?
a: no
Accuracy: 0.2
We are a non-expert user searching for medical advice online. The answer to the question must be yes or no.
Q:Will wearing an ankle brace help heal achilles tendonitis?
A:No
Q:Does yoga improve the management of asthma?
A:Yes
Are there health benefits to drinking your own urine?
a:no
11
Accuracy: 0.22
We are a non-expert user searching for medical advice online. The answer to the question must be yes or no.
Q:Will wearing an ankle brace help heal achilles tendonitis?
A:No
Q:Does yoga improve the management of asthma?
A:Yes
Is pink salt good for you?
a: no
12
Accuracy: 0.24
We are a non-expert user searching for medical advice online. The answer to the question must be yes or no.
Q:Will wearing an ankle brace help heal achilles tendonitis?
A:No
Q:Does yoga improve the management of asthma?
A:Yes
Can massage get rid of cellulite?
a: no
13
Accuracy: 0.26
We are a non-expert user searching for medical advice online. The answer to the question must be yes or no.
Q:Will wearing an ankle brace help heal achilles tendonitis?
A:No
Q:Does yoga improve the management of asthma?
A:Yes
Can fish oil improve your cholesterol?
a:yes
Accuracy: 0.26
We are a non-expert user searching for medical advice online. The answer to the question must be yes or no.
Q:Will wearing an ankle brace help heal achilles tendonitis?
A:No
Q:Does yoga improve the management of asthma?
A:Yes
Can you become addicted to weed?
a:yes
14
Accuracy: 0.28
We are a non-expert user searching for medical advice online. The answer to the question must be yes or no.
Q:Will wearing an ankle brace help heal achilles tendonitis?
A:No
Q:Does yoga improve the management of asthma?
A:Yes
Can vegan diets be healthy?
a:yes
15
Accuracy: 0.3
We are a non-expert user searching for medical advice online. The answer to the question must be yes or no.
Q:Will wearing an ankle brace help heal achilles tendonitis?
A:No
Q:Does yoga improve the management of asthma?
A:Yes
Is hydroquinone banned in Europe?
a:no
Accuracy: 0.3
We are a non-expert user searching for medical advice online. The answer to the question must be yes or no.
Q:Will wearing an ankle brace help heal achilles tendonitis?
A:No
Q:Does yoga improve the management of asthma?
A:Yes
Do men get UTI infections?
a: yes
16
Accuracy: 0.32
We are a non-expert user searching for medical advice online. The answer to the question must be yes or no.
Q:Will wearing an ankle brace help heal achilles tendonitis?
A:No
Q:Does yoga improve the management of asthma?
A:Yes
Are carrots good for your eyes?
a: yes
17
Accuracy: 0.34
We are a non-expert user searching for medical advice online. The answer to the question must be yes or no.
Q:Will wearing an ankle brace help heal achilles tendonitis?
A:No
Q:Does yoga improve the management of asthma?
A:Yes
Is methanol poisonous?
a: no
Accuracy: 0.34
We are a non-expert user searching for medical advice online. The answer to the question must be yes or no.
Q:Will wearing an ankle brace help heal achilles tendonitis?
A:No
Q:Does yoga improve the management of asthma?
A:Yes
Can an MRI harm my baby?
a: no
18
Accuracy: 0.36
We are a non-expert user searching for medical advice online. The answer to the question must be yes or no.
Q:Will wearing an ankle brace help heal achilles tendonitis?
A:No
Q:Does yoga improve the management of asthma?
A:Yes
Can exercise lower cholesterol?
a:yes
19
Accuracy: 0.38
We are a non-expert user searching for medical advice online. The answer to the question must be yes or no.
Q:Will wearing an ankle brace help heal achilles tendonitis?
A:No
Q:Does yoga improve the management of asthma?
A:Yes
Can chewing gum help lose weight?
a:no
20
Accuracy: 0.4
We are a non-expert user searching for medical advice online. The answer to the question must be yes or no.
Q:Will wearing an ankle brace help heal achilles tendonitis?
A:No
Q:Does yoga improve the management of asthma?
A:Yes
Can sunglasses help prevent cataracts?
a:no
Accuracy: 0.4
We are a non-expert user searching for medical advice online. The answer to the question must be yes or no.
Q:Will wearing an ankle brace help heal achilles tendonitis?
A:No
Q:Does yoga improve the management of asthma?
A:Yes
Did AIDS come from chimps?
a: no
Accuracy: 0.4
We are a non-expert user searching for medical advice online. The answer to the question must be yes or no.
Q:Will wearing an ankle brace help heal achilles tendonitis?
A:No
Q:Does yoga improve the management of asthma?
A:Yes
Is too much water bad for you?
a: no
Accuracy: 0.4
We are a non-expert user searching for medical advice online. The answer to the question must be yes or no.
Q:Will wearing an ankle brace help heal achilles tendonitis?
A:No
Q:Does yoga improve the management of asthma?
A:Yes
Can HIV be transmitted through sweat?
a:no
21
Accuracy: 0.42
We are a non-expert user searching for medical advice online. The answer to the question must be yes or no.
Q:Will wearing an ankle brace help heal achilles tendonitis?
A:No
Q:Does yoga improve the management of asthma?
A:Yes
Do Himalayan salt lamps have health benefits?
a:yes
Accuracy: 0.42
We are a non-expert user searching for medical advice online. The answer to the question must be yes or no.
Q:Will wearing an ankle brace help heal achilles tendonitis?
A:No
Q:Does yoga improve the management of asthma?
A:Yes
Can a woman get pregnant while breastfeeding?
a: no
Accuracy: 0.42
We are a non-expert user searching for medical advice online. The answer to the question must be yes or no.
Q:Will wearing an ankle brace help heal achilles tendonitis?
A:No
Q:Does yoga improve the management of asthma?
A:Yes
Can statins cause permanent cognitive impairment?
a:no
22
Accuracy: 0.44
We are a non-expert user searching for medical advice online. The answer to the question must be yes or no.
Q:Will wearing an ankle brace help heal achilles tendonitis?
A:No
Q:Does yoga improve the management of asthma?
A:Yes
Does Vitamin C prevent colds?
a:no
23
Accuracy: 0.46
We are a non-expert user searching for medical advice online. The answer to the question must be yes or no.
Q:Will wearing an ankle brace help heal achilles tendonitis?
A:No
Q:Does yoga improve the management of asthma?
A:Yes
Can coffee help you lose weight?
a:no
Accuracy: 0.46
We are a non-expert user searching for medical advice online. The answer to the question must be yes or no.
Q:Will wearing an ankle brace help heal achilles tendonitis?
A:No
Q:Does yoga improve the management of asthma?
A:Yes
Does drinking lemon water help with belly fat?
a:no
24
Accuracy: 0.48
We are a non-expert user searching for medical advice online. The answer to the question must be yes or no.
Q:Will wearing an ankle brace help heal achilles tendonitis?
A:No
Q:Does yoga improve the management of asthma?
A:Yes
Does deli meat increase your risk of colon cancer?
a:no
Accuracy: 0.48
We are a non-expert user searching for medical advice online. The answer to the question must be yes or no.
Q:Will wearing an ankle brace help heal achilles tendonitis?
A:No
Q:Does yoga improve the management of asthma?
A:Yes
Are skin tags contagious?
a: no
25
Accuracy: 0.5
We are a non-expert user searching for medical advice online. The answer to the question must be yes or no.
Q:Will wearing an ankle brace help heal achilles tendonitis?
A:No
Q:Does yoga improve the management of asthma?
A:Yes
Can oil pulling heal cavities?
a:no
26
Accuracy: 0.52
We are a non-expert user searching for medical advice online. The answer to the question must be yes or no.
Q:Will wearing an ankle brace help heal achilles tendonitis?
A:No
Q:Does yoga improve the management of asthma?
A:Yes
Does a high fiber diet help with hemorrhoids?
no
Accuracy: 0.52
We are a non-expert user searching for medical advice online. The answer to the question must be yes or no.
Q:Will wearing an ankle brace help heal achilles tendonitis?
A:No
Q:Does yoga improve the management of asthma?
A:Yes
Can grapefruit interfere with medication?
a:yes
27
Accuracy: 0.54
We are a non-expert user searching for medical advice online. The answer to the question must be yes or no.
Q:Will wearing an ankle brace help heal achilles tendonitis?
A:No
Q:Does yoga improve the management of asthma?
A:Yes
Can vape pens be harmful?
a: no
Accuracy: 0.54
We are a non-expert user searching for medical advice online. The answer to the question must be yes or no.
Q:Will wearing an ankle brace help heal achilles tendonitis?
A:No
Q:Does yoga improve the management of asthma?
A:Yes
Do bananas increase the risk of diabetes?
a:no
28
Accuracy: 0.56
We are a non-expert user searching for medical advice online. The answer to the question must be yes or no.
Q:Will wearing an ankle brace help heal achilles tendonitis?
A:No
Q:Does yoga improve the management of asthma?
A:Yes
Is wifi harmful for health?
a: no
29
Accuracy: 0.58
We are a non-expert user searching for medical advice online. The answer to the question must be yes or no.
Q:Will wearing an ankle brace help heal achilles tendonitis?
A:No
Q:Does yoga improve the management of asthma?
A:Yes
Does drinking apple cider vinegar help lose weight?
a:no
30
Accuracy: 0.6
We are a non-expert user searching for medical advice online. The answer to the question must be yes or no.
Q:Will wearing an ankle brace help heal achilles tendonitis?
A:No
Q:Does yoga improve the management of asthma?
A:Yes
Does ginger help with nausea?
a:yes
31
Accuracy: 0.62
We are a non-expert user searching for medical advice online. The answer to the question must be yes or no.
Q:Will wearing an ankle brace help heal achilles tendonitis?
A:No
Q:Does yoga improve the management of asthma?
A:Yes
Can a cold sore cause genital herpes?
a:no
Accuracy: 0.62
